빌드 시작: 2017-07-07 오전 6:18:07
     1>2 노드의 "C:\Users\김우진\Desktop\Hynjun(DataBase+CharaScene) - 복사본\SymphonyOfNight.vcxproj" 프로젝트(Build 대상)입니다.
     1>ClCompile:
         C:\Program Files (x86)\Microsoft Visual Studio 12.0\VC\bin\CL.exe /c /ZI /nologo /W3 /WX- /Od /Oy- /D WIN32 /D _DEBUG /D _WINDOWS /Gm /EHsc /RTC1 /MDd /GS /fp:precise /Zc:wchar_t /Zc:forScope /Yu"stdafx.h" /Fp"Debug\SymphonyOfNight.pch" /Fo"Debug\\" /Fd"Debug\vc120.pdb" /Gd /TP /analyze- /errorReport:prompt Scene_Map1.cpp player.cpp
         player.cpp
     1>c:\users\김우진\desktop\hynjun(database+charascene) - 복사본\player.cpp(37): warning C4244: '인수' : 'float'에서 'int'(으)로 변환하면서 데이터가 손실될 수 있습니다.
     1>c:\users\김우진\desktop\hynjun(database+charascene) - 복사본\player.cpp(239): warning C4244: '인수' : 'float'에서 'int'(으)로 변환하면서 데이터가 손실될 수 있습니다.
     1>c:\users\김우진\desktop\hynjun(database+charascene) - 복사본\player.cpp(664): warning C4244: '인수' : 'float'에서 'int'(으)로 변환하면서 데이터가 손실될 수 있습니다.
     1>c:\users\김우진\desktop\hynjun(database+charascene) - 복사본\player.cpp(669): warning C4244: '인수' : 'float'에서 'int'(으)로 변환하면서 데이터가 손실될 수 있습니다.
     1>c:\users\김우진\desktop\hynjun(database+charascene) - 복사본\player.cpp(682): warning C4018: '<' : signed 또는 unsigned가 일치하지 않습니다.
     1>c:\users\김우진\desktop\hynjun(database+charascene) - 복사본\player.cpp(1126): warning C4018: '<' : signed 또는 unsigned가 일치하지 않습니다.
         Scene_Map1.cpp
         코드를 생성하고 있습니다...
       Link:
         C:\Program Files (x86)\Microsoft Visual Studio 12.0\VC\bin\link.exe /ERRORREPORT:PROMPT /OUT:"C:\Users\김우진\Desktop\Hynjun(DataBase+CharaScene) - 복사본\Debug\SymphonyOfNight.exe" /INCREMENTAL /NOLOGO kernel32.lib user32.lib gdi32.lib winspool.lib comdlg32.lib advapi32.lib shell32.lib ole32.lib oleaut32.lib uuid.lib odbc32.lib odbccp32.lib /MANIFEST /MANIFESTUAC:"level='asInvoker' uiAccess='false'" /manifest:embed /DEBUG /PDB:"C:\Users\김우진\Desktop\Hynjun(DataBase+CharaScene) - 복사본\Debug\SymphonyOfNight.pdb" /SUBSYSTEM:WINDOWS /TLBID:1 /DYNAMICBASE /NXCOMPAT /IMPLIB:"C:\Users\김우진\Desktop\Hynjun(DataBase+CharaScene) - 복사본\Debug\SymphonyOfNight.lib" /MACHINE:X86 Debug\animation.obj
         Debug\button.obj
         Debug\characterScene.obj
         Debug\effect.obj
         Debug\effectManager.obj
         Debug\familiar.obj
         Debug\familiarDemon.obj
         Debug\familiarFairy.obj
         Debug\familiarGhost.obj
         Debug\familiarManager.obj
         Debug\familiarScene.obj
         Debug\gameNode.obj
         Debug\image.obj
         Debug\imageManager.obj
         Debug\inven.obj
         Debug\inventoryScene.obj
         Debug\itemDataBase.obj
         Debug\keyAniManager.obj
         Debug\keyManager.obj
         Debug\loading.obj
         Debug\loadingScene.obj
         Debug\MapManager.obj
         Debug\objectCreate.obj
         Debug\objTest.obj
         Debug\openingScene.obj
         Debug\pixelCollision.obj
         Debug\player.obj
         Debug\playerStatMemory.obj
         Debug\Scene_Map1.obj
         Debug\shopScene.obj
         Debug\symphonyOfNight+deleteImage.obj
         Debug\symphonyOfNight.obj
         Debug\progressBar.obj
         Debug\sceneManager.obj
         Debug\soundManager.obj
         Debug\stdafx.obj
         Debug\timeManager.obj
         Debug\timer.obj
         Debug\titleScene.obj
         Debug\txtData.obj
         Debug\utils.obj
         Debug\winMain.obj
         SymphonyOfNight.vcxproj -> C:\Users\김우진\Desktop\Hynjun(DataBase+CharaScene) - 복사본\Debug\SymphonyOfNight.exe
     1>"C:\Users\김우진\Desktop\Hynjun(DataBase+CharaScene) - 복사본\SymphonyOfNight.vcxproj" 프로젝트를 빌드했습니다(Build 대상).

빌드했습니다.

경과 시간: 00:00:01.92
